<?xml version="1.0" encoding="UTF-8"?>
<!-- Generated by org.testng.reporters.JUnitReportReporter -->
<testsuite skipped="0" hostname="PARASKUMAR" name="com.Test.Test1" tests="1" failures="0" timestamp="02 Aug 2018 04:31:53 GMT" time="245.441" errors="0">
  <testcase name="TestApplication" time="245.441" classname="com.Test.Test1"/>
</testsuite> <!-- com.Test.Test1 -->
